<?xml version="1.0" encoding="UTF-8"?>
<coverage generated="1643889065072" clover="3.2.0">
  <project timestamp="1643889065072" name="All files">
    <metrics statements="17" coveredstatements="17" conditionals="10" coveredconditionals="10" methods="6" coveredmethods="6" elements="33" coveredelements="33" complexity="0" loc="17" ncloc="17" packages="1" files="1" classes="1"/>
    <file name="Stock.ts" path="/home/softoo/workspace/assignment/src/Stock.ts">
      <metrics statements="17" coveredstatements="17" conditionals="10" coveredconditionals="10" methods="6" coveredmethods="6"/>
      <line num="1" count="1" type="stmt"/>
      <line num="2" count="1" type="stmt"/>
      <line num="20" count="1" type="stmt"/>
      <line num="25" count="5" type="stmt"/>
      <line num="26" count="500" type="stmt"/>
      <line num="27" count="5" type="stmt"/>
      <line num="28" count="5500" type="stmt"/>
      <line num="30" count="5" type="cond" truecount="3" falsecount="0"/>
      <line num="31" count="1" type="stmt"/>
      <line num="32" count="5" type="cond" truecount="2" falsecount="0"/>
      <line num="33" count="5" type="stmt"/>
      <line num="34" count="35" type="cond" truecount="2" falsecount="0"/>
      <line num="35" count="1" type="cond" truecount="1" falsecount="0"/>
      <line num="36" count="35" type="stmt"/>
      <line num="38" count="5" type="cond" truecount="2" falsecount="0"/>
      <line num="43" count="5" type="stmt"/>
      <line num="44" count="5" type="stmt"/>
    </file>
  </project>
</coverage>
