{"/home/softoo/workspace/assignment/src/Stock.ts": {"path":"/home/softoo/workspace/assignment/src/Stock.ts","statementMap":{"0":{"start":{"line":1,"column":0},"end":{"line":1,"column":44}},"1":{"start":{"line":2,"column":0},"end":{"line":2,"column":57}},"2":{"start":{"line":43,"column":4},"end":{"line":43,"column":31}},"3":{"start":{"line":44,"column":4},"end":{"line":44,"column":43}},"4":{"start":{"line":25,"column":4},"end":{"line":39,"column":7}},"5":{"start":{"line":26,"column":19},"end":{"line":26,"column":68}},"6":{"start":{"line":26,"column":50},"end":{"line":26,"column":67}},"7":{"start":{"line":27,"column":25},"end":{"line":28,"column":null}},"8":{"start":{"line":28,"column":17},"end":{"line":28,"column":34}},"9":{"start":{"line":30,"column":6},"end":{"line":31,"column":57}},"10":{"start":{"line":31,"column":8},"end":{"line":31,"column":57}},"11":{"start":{"line":32,"column":23},"end":{"line":32,"column":62}},"12":{"start":{"line":33,"column":23},"end":{"line":37,"column":20}},"13":{"start":{"line":34,"column":8},"end":{"line":35,"column":61}},"14":{"start":{"line":34,"column":36},"end":{"line":34,"column":55}},"15":{"start":{"line":35,"column":13},"end":{"line":35,"column":61}},"16":{"start":{"line":35,"column":42},"end":{"line":35,"column":61}},"17":{"start":{"line":36,"column":8},"end":{"line":36,"column":21}},"18":{"start":{"line":38,"column":6},"end":{"line":38,"column":68}},"19":{"start":{"line":20,"column":0},"end":{"line":20,"column":21}}},"fnMap":{"0":{"name":"(anonymous_1)","decl":{"start":{"line":42,"column":2},"end":{"line":42,"column":null}},"loc":{"start":{"line":42,"column":2},"end":{"line":45,"column":3}}},"1":{"name":"(anonymous_2)","decl":{"start":{"line":24,"column":2},"end":{"line":24,"column":15}},"loc":{"start":{"line":24,"column":29},"end":{"line":40,"column":3}}},"2":{"name":"(anonymous_3)","decl":{"start":{"line":25,"column":31},"end":{"line":25,"column":32}},"loc":{"start":{"line":25,"column":51},"end":{"line":39,"column":5}}},"3":{"name":"(anonymous_4)","decl":{"start":{"line":26,"column":41},"end":{"line":26,"column":42}},"loc":{"start":{"line":26,"column":50},"end":{"line":26,"column":67}}},"4":{"name":"(anonymous_5)","decl":{"start":{"line":28,"column":8},"end":{"line":28,"column":9}},"loc":{"start":{"line":28,"column":17},"end":{"line":28,"column":34}}},"5":{"name":"(anonymous_6)","decl":{"start":{"line":33,"column":43},"end":{"line":33,"column":44}},"loc":{"start":{"line":33,"column":60},"end":{"line":37,"column":7}}}},"branchMap":{"0":{"loc":{"start":{"line":30,"column":6},"end":{"line":31,"column":57}},"type":"if","locations":[{"start":{"line":30,"column":6},"end":{"line":31,"column":57}}]},"1":{"loc":{"start":{"line":30,"column":10},"end":{"line":30,"column":58}},"type":"binary-expr","locations":[{"start":{"line":30,"column":10},"end":{"line":30,"column":29}},{"start":{"line":30,"column":33},"end":{"line":30,"column":58}}]},"2":{"loc":{"start":{"line":32,"column":23},"end":{"line":32,"column":62}},"type":"cond-expr","locations":[{"start":{"line":32,"column":43},"end":{"line":32,"column":58}},{"start":{"line":32,"column":61},"end":{"line":32,"column":62}}]},"3":{"loc":{"start":{"line":34,"column":8},"end":{"line":35,"column":61}},"type":"if","locations":[{"start":{"line":34,"column":8},"end":{"line":35,"column":61}},{"start":{"line":35,"column":13},"end":{"line":35,"column":61}}]},"4":{"loc":{"start":{"line":35,"column":13},"end":{"line":35,"column":61}},"type":"if","locations":[{"start":{"line":35,"column":13},"end":{"line":35,"column":61}}]},"5":{"loc":{"start":{"line":38,"column":33},"end":{"line":38,"column":64}},"type":"cond-expr","locations":[{"start":{"line":38,"column":50},"end":{"line":38,"column":60}},{"start":{"line":38,"column":63},"end":{"line":38,"column":64}}]}},"s":{"0":1,"1":1,"2":5,"3":5,"4":5,"5":5,"6":500,"7":5,"8":5500,"9":5,"10":1,"11":5,"12":5,"13":35,"14":34,"15":1,"16":1,"17":35,"18":5,"19":1},"f":{"0":5,"1":5,"2":5,"3":500,"4":5500,"5":35},"b":{"0":[1],"1":[5,1],"2":[4,1],"3":[34,1],"4":[1],"5":[4,1]}}
}
