TN:
SF:src/Stock.ts
FN:42,(anonymous_1)
FN:24,(anonymous_2)
FN:25,(anonymous_3)
FN:26,(anonymous_4)
FN:28,(anonymous_5)
FN:33,(anonymous_6)
FNF:6
FNH:6
FNDA:5,(anonymous_1)
FNDA:5,(anonymous_2)
FNDA:5,(anonymous_3)
FNDA:500,(anonymous_4)
FNDA:5500,(anonymous_5)
FNDA:35,(anonymous_6)
DA:1,1
DA:2,1
DA:20,1
DA:25,5
DA:26,500
DA:27,5
DA:28,5500
DA:30,5
DA:31,1
DA:32,5
DA:33,5
DA:34,35
DA:35,1
DA:36,35
DA:38,5
DA:43,5
DA:44,5
LF:17
LH:17
BRDA:30,0,0,1
BRDA:30,1,0,5
BRDA:30,1,1,1
BRDA:32,2,0,4
BRDA:32,2,1,1
BRDA:34,3,0,34
BRDA:34,3,1,1
BRDA:35,4,0,1
BRDA:38,5,0,4
BRDA:38,5,1,1
BRF:10
BRH:10
end_of_record
